Arguments: 
  /usr/bin/node /usr/share/yarn/bin/yarn.js add slugify axios

PATH: 
  /home/akash/bin:/home/akash/.local/bin:/usr/local/sbin:/usr/local/bin:/usr/sbin:/usr/bin:/sbin:/bin:/usr/games:/usr/local/games:/home/akash/Documents/www:/home/akash/Android/Sdk/tools:/home/akash/Android/Sdk/platform-tools:/snap/bin

Yarn version: 
  1.3.2

Node version: 
  8.9.3

Platform: 
  linux x64

npm manifest: 
  {
    "name": "@ssn/dinofeed",
    "version": "1.0.2",
    "description": "Data repo for inventosarus",
    "main": "index.js",
    "private": false,
    "scripts": {
      "publish":"npm publish --access public"
    },
    "author": "mil10akash@gmail.com",
    "license": "ISC",
    
  }

yarn manifest: 
  No manifest

Lockfile: 
  No lockfile

Trace: 
  SyntaxError: /home/akash/Documents/pro/invente3/dinofeed/package.json: Unexpected token } in JSON at position 263
      at JSON.parse (<anonymous>)
      at /usr/share/yarn/lib/cli.js:770:59
      at Generator.next (<anonymous>)
      at step (/usr/share/yarn/lib/cli.js:92:30)
      at /usr/share/yarn/lib/cli.js:103:13
      at <anonymous>
